Using pre-set license
Built from '2020.2/staging' branch; Version is '2020.2.7f1 (c53830e277f1) revision 12924976'; Using compiler version '192528614'; Build Type 'Release'
OS: 'Windows 10 Pro; OS build 19041.1052; Version 2004; 64bit' Language: 'ko' Physical Memory: 16326 MB
BatchMode: 1, IsHumanControllingUs: 0, StartBugReporterOnCrash: 0, Is64bit: 1, IsPro: 0

 COMMAND LINE ARGUMENTS:
C:\Program Files\Unity\Hub\Editor\2020.2.7f1\Editor\Unity.exe
-adb2
-batchMode
-noUpm
-name
AssetImportWorker0
-projectPath
C:/Users/asqdw/TstarNotebook/ThrowingStar-main
-logFile
Logs/AssetImportWorker0.log
-srvPort
56020
Successfully changed project path to: C:/Users/asqdw/TstarNotebook/ThrowingStar-main
C:/Users/asqdw/TstarNotebook/ThrowingStar-main
Using Asset Import Pipeline V2.
Refreshing native plugins compatible for Editor in 31.59 ms, found 0 plugins.
Preloading 0 native plugins for Editor in 0.00 ms.
Initialize engine version: 2020.2.7f1 (c53830e277f1)
[Subsystems] Discovering subsystems at path C:/Program Files/Unity/Hub/Editor/2020.2.7f1/Editor/Data/Resources/UnitySubsystems
[Subsystems] Discovering subsystems at path C:/Users/asqdw/TstarNotebook/ThrowingStar-main/Assets
GfxDevice: creating device client; threaded=0
Direct3D:
    Version:  Direct3D 11.0 [level 11.1]
    Renderer: NVIDIA GeForce GTX 1660 (ID=0x2184)
    Vendor:   
    VRAM:     5991 MB
    Driver:   27.21.14.5751
Initialize mono
Mono path[0] = 'C:/Program Files/Unity/Hub/Editor/2020.2.7f1/Editor/Data/Managed'
Mono path[1] = 'C:/Program Files/Unity/Hub/Editor/2020.2.7f1/Editor/Data/MonoBleedingEdge/lib/mono/unityjit'
Mono config path = 'C:/Program Files/Unity/Hub/Editor/2020.2.7f1/Editor/Data/MonoBleedingEdge/etc'
Using monoOptions --debugger-agent=transport=dt_socket,embedding=1,server=y,suspend=n,address=127.0.0.1:56292
Begin MonoManager ReloadAssembly
Registering precompiled unity dll's ...
Register platform support module: C:/Program Files/Unity/Hub/Editor/2020.2.7f1/Editor/Data/PlaybackEngines/WindowsStandaloneSupport/UnityEditor.WindowsStandalone.Extensions.dll
Registered in 0.002714 seconds.
Native extension for WindowsStandalone target not found
Refreshing native plugins compatible for Editor in 27.48 ms, found 0 plugins.
Preloading 0 native plugins for Editor in 0.00 ms.
Invoked RoslynAnalysisRunner static constructor.
RoslynAnalysisRunner will not be running.
RoslynAnalysisRunner has terminated.
Mono: successfully reloaded assembly
- Completed reload, in  2.428 seconds
Platform modules already initialized, skipping
Registering precompiled user dll's ...
Registered in 0.000867 seconds.
Begin MonoManager ReloadAssembly
Native extension for WindowsStandalone target not found
Refreshing native plugins compatible for Editor in 0.21 ms, found 0 plugins.
Preloading 0 native plugins for Editor in 0.00 ms.
Invoked RoslynAnalysisRunner static constructor.
RoslynAnalysisRunner will not be running.
RoslynAnalysisRunner has terminated.
Mono: successfully reloaded assembly
- Completed reload, in  0.866 seconds
Platform modules already initialized, skipping
========================================================================
Worker process is ready to serve import requests
Launched and connected shader compiler UnityShaderCompiler.exe after 0.06 seconds
Refreshing native plugins compatible for Editor in 0.22 ms, found 0 plugins.
Preloading 0 native plugins for Editor in 0.00 ms.
Unloading 1166 Unused Serialized files (Serialized files now loaded: 0)
System memory in use before: 61.8 MB.
System memory in use after: 61.9 MB.

Unloading 10 unused Assets to reduce memory usage. Loaded Objects now: 1613.
Total: 1.740700 ms (FindLiveObjects: 0.214000 ms CreateObjectMapping: 0.044100 ms MarkObjects: 1.394200 ms  DeleteObjects: 0.087400 ms)

========================================================================
Received Import Request.
  path: Assets/WeaponChange1.cs
  artifactKey: Guid(4298c92cdb7e1474c9c03cad5aa5c94c) Importer(815301076,1909f56bfc062723c751e8b465ee728b)
Start importing Assets/WeaponChange1.cs using Guid(4298c92cdb7e1474c9c03cad5aa5c94c) Importer(815301076,1909f56bfc062723c751e8b465ee728b)  -> (artifact id: '62ad7f0a947604fe8a204c34dc420207') in 0.060758 seconds
  Import took 0.062744 seconds .

========================================================================
Received Prepare
Registering precompiled user dll's ...
Registered in 0.000865 seconds.
Begin MonoManager ReloadAssembly
Native extension for WindowsStandalone target not found
Refreshing native plugins compatible for Editor in 0.22 ms, found 0 plugins.
Preloading 0 native plugins for Editor in 0.00 ms.
Invoked RoslynAnalysisRunner static constructor.
RoslynAnalysisRunner will not be running.
RoslynAnalysisRunner has terminated.
Mono: successfully reloaded assembly
- Completed reload, in  0.787 seconds
Platform modules already initialized, skipping
Refreshing native plugins compatible for Editor in 0.23 ms, found 0 plugins.
Preloading 0 native plugins for Editor in 0.00 ms.
Unloading 1137 Unused Serialized files (Serialized files now loaded: 0)
System memory in use before: 59.9 MB.
System memory in use after: 59.9 MB.

Unloading 5 unused Assets to reduce memory usage. Loaded Objects now: 1616.
Total: 6.053100 ms (FindLiveObjects: 1.380200 ms CreateObjectMapping: 0.619500 ms MarkObjects: 3.977400 ms  DeleteObjects: 0.068600 ms)

========================================================================
Received Prepare
Registering precompiled user dll's ...
Registered in 0.000900 seconds.
Begin MonoManager ReloadAssembly
Native extension for WindowsStandalone target not found
Refreshing native plugins compatible for Editor in 0.22 ms, found 0 plugins.
Preloading 0 native plugins for Editor in 0.00 ms.
Invoked RoslynAnalysisRunner static constructor.
RoslynAnalysisRunner will not be running.
RoslynAnalysisRunner has terminated.
Mono: successfully reloaded assembly
- Completed reload, in  0.775 seconds
Platform modules already initialized, skipping
Refreshing native plugins compatible for Editor in 0.21 ms, found 0 plugins.
Preloading 0 native plugins for Editor in 0.00 ms.
Unloading 1137 Unused Serialized files (Serialized files now loaded: 0)
System memory in use before: 59.9 MB.
System memory in use after: 60.0 MB.

Unloading 5 unused Assets to reduce memory usage. Loaded Objects now: 1619.
Total: 1.704200 ms (FindLiveObjects: 0.177600 ms CreateObjectMapping: 0.042200 ms MarkObjects: 1.426600 ms  DeleteObjects: 0.056500 ms)

========================================================================
Received Import Request.
  Time since last request: 42.313573 seconds.
  path: Assets/script/expBullet.cs
  artifactKey: Guid(5d209f0b00e655f4eacffa11975fe85f) Importer(815301076,1909f56bfc062723c751e8b465ee728b)
Start importing Assets/script/expBullet.cs using Guid(5d209f0b00e655f4eacffa11975fe85f) Importer(815301076,1909f56bfc062723c751e8b465ee728b)  -> (artifact id: 'd9935b718226a375739b3e1ad177b604') in 0.008543 seconds
  Import took 0.011097 seconds .

========================================================================
Received Prepare
Registering precompiled user dll's ...
Registered in 0.000941 seconds.
Begin MonoManager ReloadAssembly
Native extension for WindowsStandalone target not found
Refreshing native plugins compatible for Editor in 0.21 ms, found 0 plugins.
Preloading 0 native plugins for Editor in 0.00 ms.
Invoked RoslynAnalysisRunner static constructor.
RoslynAnalysisRunner will not be running.
RoslynAnalysisRunner has terminated.
Mono: successfully reloaded assembly
- Completed reload, in  0.778 seconds
Platform modules already initialized, skipping
Refreshing native plugins compatible for Editor in 0.22 ms, found 0 plugins.
Preloading 0 native plugins for Editor in 0.00 ms.
Unloading 1137 Unused Serialized files (Serialized files now loaded: 0)
System memory in use before: 59.9 MB.
System memory in use after: 60.0 MB.

Unloading 5 unused Assets to reduce memory usage. Loaded Objects now: 1622.
Total: 4.904100 ms (FindLiveObjects: 0.984200 ms CreateObjectMapping: 0.719400 ms MarkObjects: 3.131900 ms  DeleteObjects: 0.067000 ms)

========================================================================
Received Import Request.
  Time since last request: 155.906111 seconds.
  path: Assets/script/Player.cs
  artifactKey: Guid(5a053c84787e44a49ae3c700b217d6e0) Importer(815301076,1909f56bfc062723c751e8b465ee728b)
Start importing Assets/script/Player.cs using Guid(5a053c84787e44a49ae3c700b217d6e0) Importer(815301076,1909f56bfc062723c751e8b465ee728b)  -> (artifact id: '2f32b4b73c709596c6ea4d5e24ce3085') in 0.010299 seconds
  Import took 0.012215 seconds .

========================================================================
Received Prepare
Registering precompiled user dll's ...
Registered in 0.000999 seconds.
Begin MonoManager ReloadAssembly
Native extension for WindowsStandalone target not found
Refreshing native plugins compatible for Editor in 0.21 ms, found 0 plugins.
Preloading 0 native plugins for Editor in 0.00 ms.
Invoked RoslynAnalysisRunner static constructor.
RoslynAnalysisRunner will not be running.
RoslynAnalysisRunner has terminated.
Mono: successfully reloaded assembly
- Completed reload, in  0.765 seconds
Platform modules already initialized, skipping
Refreshing native plugins compatible for Editor in 0.22 ms, found 0 plugins.
Preloading 0 native plugins for Editor in 0.00 ms.
Unloading 1137 Unused Serialized files (Serialized files now loaded: 0)
System memory in use before: 59.9 MB.
System memory in use after: 60.0 MB.

Unloading 5 unused Assets to reduce memory usage. Loaded Objects now: 1625.
Total: 1.490900 ms (FindLiveObjects: 0.172000 ms CreateObjectMapping: 0.046000 ms MarkObjects: 1.215000 ms  DeleteObjects: 0.056700 ms)

========================================================================
Received Prepare
Registering precompiled user dll's ...
Registered in 0.000884 seconds.
Begin MonoManager ReloadAssembly
Native extension for WindowsStandalone target not found
Refreshing native plugins compatible for Editor in 0.21 ms, found 0 plugins.
Preloading 0 native plugins for Editor in 0.00 ms.
Invoked RoslynAnalysisRunner static constructor.
RoslynAnalysisRunner will not be running.
RoslynAnalysisRunner has terminated.
Mono: successfully reloaded assembly
- Completed reload, in  0.741 seconds
Platform modules already initialized, skipping
Refreshing native plugins compatible for Editor in 0.22 ms, found 0 plugins.
Preloading 0 native plugins for Editor in 0.00 ms.
Unloading 1137 Unused Serialized files (Serialized files now loaded: 0)
System memory in use before: 59.9 MB.
System memory in use after: 60.0 MB.

Unloading 5 unused Assets to reduce memory usage. Loaded Objects now: 1628.
Total: 4.114000 ms (FindLiveObjects: 0.151200 ms CreateObjectMapping: 0.043100 ms MarkObjects: 3.859800 ms  DeleteObjects: 0.058500 ms)

========================================================================
Received Prepare
Registering precompiled user dll's ...
Registered in 0.000784 seconds.
Begin MonoManager ReloadAssembly
Native extension for WindowsStandalone target not found
Refreshing native plugins compatible for Editor in 0.22 ms, found 0 plugins.
Preloading 0 native plugins for Editor in 0.00 ms.
Invoked RoslynAnalysisRunner static constructor.
RoslynAnalysisRunner will not be running.
RoslynAnalysisRunner has terminated.
Mono: successfully reloaded assembly
- Completed reload, in  0.797 seconds
Platform modules already initialized, skipping
Refreshing native plugins compatible for Editor in 0.28 ms, found 0 plugins.
Preloading 0 native plugins for Editor in 0.00 ms.
Unloading 1137 Unused Serialized files (Serialized files now loaded: 0)
System memory in use before: 59.9 MB.
System memory in use after: 60.0 MB.

Unloading 5 unused Assets to reduce memory usage. Loaded Objects now: 1631.
Total: 1.528900 ms (FindLiveObjects: 0.140500 ms CreateObjectMapping: 0.043600 ms MarkObjects: 1.282400 ms  DeleteObjects: 0.061300 ms)

========================================================================
Received Import Request.
  Time since last request: 1622.215521 seconds.
  path: Assets/Ammunition pack (demo)
  artifactKey: Guid(9830b4963c3cd5947867c79a16e2ade1) Importer(815301076,1909f56bfc062723c751e8b465ee728b)
Start importing Assets/Ammunition pack (demo) using Guid(9830b4963c3cd5947867c79a16e2ade1) Importer(815301076,1909f56bfc062723c751e8b465ee728b)  -> (artifact id: '215afc9738592dd80ccabb375b91d36a') in 0.008579 seconds
  Import took 0.010781 seconds .

========================================================================
Received Import Request.
  Time since last request: 1.884981 seconds.
  path: Assets/Ammunition pack (demo)/Prefabs
  artifactKey: Guid(d15d4aca212face4abbbc8240f62793a) Importer(815301076,1909f56bfc062723c751e8b465ee728b)
Start importing Assets/Ammunition pack (demo)/Prefabs using Guid(d15d4aca212face4abbbc8240f62793a) Importer(815301076,1909f56bfc062723c751e8b465ee728b)  -> (artifact id: '9577316ff10d8faf4929285b13a75aac') in 0.006255 seconds
  Import took 0.008162 seconds .

========================================================================
Received Import Request.
  Time since last request: 0.659190 seconds.
  path: Assets/Ammunition pack (demo)/Prefabs/Bullet4.prefab
  artifactKey: Guid(424570faa59c41248b97fd39edf5d414) Importer(815301076,1909f56bfc062723c751e8b465ee728b)
Start importing Assets/Ammunition pack (demo)/Prefabs/Bullet4.prefab using Guid(424570faa59c41248b97fd39edf5d414) Importer(815301076,1909f56bfc062723c751e8b465ee728b)  -> (artifact id: 'cdcc5fae6d5e0418e4bb6dd088f267c1') in 0.244222 seconds
  Import took 0.246257 seconds .

========================================================================
Received Import Request.
  Time since last request: 72.751559 seconds.
  path: Assets/AttackBot
  artifactKey: Guid(1f5e145036998bc4b8f5f305efd55641) Importer(815301076,1909f56bfc062723c751e8b465ee728b)
Start importing Assets/AttackBot using Guid(1f5e145036998bc4b8f5f305efd55641) Importer(815301076,1909f56bfc062723c751e8b465ee728b)  -> (artifact id: 'f8030b8bdc5196f6f35079c0f8f931e0') in 0.006502 seconds
  Import took 0.008388 seconds .

========================================================================
Received Import Request.
  Time since last request: 2.585589 seconds.
  path: Assets/AttackBot/attackBot.unity
  artifactKey: Guid(e9f0b7609a7d4430e84420fde0473b0d) Importer(815301076,1909f56bfc062723c751e8b465ee728b)
Start importing Assets/AttackBot/attackBot.unity using Guid(e9f0b7609a7d4430e84420fde0473b0d) Importer(815301076,1909f56bfc062723c751e8b465ee728b)  -> (artifact id: '5092b984350b23244152c19aa8d65081') in 0.007110 seconds
  Import took 0.009194 seconds .

========================================================================
Received Import Request.
  Time since last request: 0.355148 seconds.
  path: Assets/AttackBot/attackBot.prefab
  artifactKey: Guid(4efdc095f88074e53a4f28617077b108) Importer(815301076,1909f56bfc062723c751e8b465ee728b)
Start importing Assets/AttackBot/attackBot.prefab using Guid(4efdc095f88074e53a4f28617077b108) Importer(815301076,1909f56bfc062723c751e8b465ee728b)  -> (artifact id: '191cf0b8d1fd7a0e946494cc4122c066') in 0.030922 seconds
  Import took 0.033022 seconds .

========================================================================
Received Import Request.
  Time since last request: 20.471705 seconds.
  path: Assets/Ammunition pack (demo)/Prefabs/Bullet4.prefab
  artifactKey: Guid(424570faa59c41248b97fd39edf5d414) Importer(815301076,1909f56bfc062723c751e8b465ee728b)
Start importing Assets/Ammunition pack (demo)/Prefabs/Bullet4.prefab using Guid(424570faa59c41248b97fd39edf5d414) Importer(815301076,1909f56bfc062723c751e8b465ee728b)  -> (artifact id: '602a10cd71627c47b993726c1f9a9434') in 0.019143 seconds
  Import took 0.021217 seconds .

========================================================================
Received Import Request.
  Time since last request: 0.001846 seconds.
  path: Assets/Ammunition pack (demo)/Prefabs/Bullet4.prefab
  artifactKey: Guid(424570faa59c41248b97fd39edf5d414) Importer(815301076,1909f56bfc062723c751e8b465ee728b)
Start importing Assets/Ammunition pack (demo)/Prefabs/Bullet4.prefab using Guid(424570faa59c41248b97fd39edf5d414) Importer(815301076,1909f56bfc062723c751e8b465ee728b)  -> (artifact id: '602a10cd71627c47b993726c1f9a9434') in 0.015521 seconds
  Import took 0.017709 seconds .

========================================================================
Received Prepare
Registering precompiled user dll's ...
Registered in 0.000873 seconds.
Begin MonoManager ReloadAssembly
Native extension for WindowsStandalone target not found
Refreshing native plugins compatible for Editor in 0.24 ms, found 0 plugins.
Preloading 0 native plugins for Editor in 0.00 ms.
Invoked RoslynAnalysisRunner static constructor.
RoslynAnalysisRunner will not be running.
RoslynAnalysisRunner has terminated.
Mono: successfully reloaded assembly
- Completed reload, in  0.847 seconds
Platform modules already initialized, skipping
Refreshing native plugins compatible for Editor in 0.26 ms, found 0 plugins.
Preloading 0 native plugins for Editor in 0.00 ms.
Unloading 1137 Unused Serialized files (Serialized files now loaded: 0)
System memory in use before: 77.1 MB.
System memory in use after: 77.2 MB.

Unloading 5 unused Assets to reduce memory usage. Loaded Objects now: 1642.
Total: 1.803200 ms (FindLiveObjects: 0.328500 ms CreateObjectMapping: 0.060200 ms MarkObjects: 1.347200 ms  DeleteObjects: 0.066300 ms)

========================================================================
Received Prepare
Registering precompiled user dll's ...
Registered in 0.001184 seconds.
Begin MonoManager ReloadAssembly
Native extension for WindowsStandalone target not found
Refreshing native plugins compatible for Editor in 0.23 ms, found 0 plugins.
Preloading 0 native plugins for Editor in 0.00 ms.
Invoked RoslynAnalysisRunner static constructor.
RoslynAnalysisRunner will not be running.
RoslynAnalysisRunner has terminated.
Mono: successfully reloaded assembly
- Completed reload, in  0.901 seconds
Platform modules already initialized, skipping
Refreshing native plugins compatible for Editor in 0.24 ms, found 0 plugins.
Preloading 0 native plugins for Editor in 0.00 ms.
Unloading 1137 Unused Serialized files (Serialized files now loaded: 0)
System memory in use before: 77.1 MB.
System memory in use after: 77.2 MB.

Unloading 5 unused Assets to reduce memory usage. Loaded Objects now: 1645.
Total: 1.795400 ms (FindLiveObjects: 0.131800 ms CreateObjectMapping: 0.037500 ms MarkObjects: 1.564300 ms  DeleteObjects: 0.060700 ms)

========================================================================
Received Prepare
Registering precompiled user dll's ...
Registered in 0.000862 seconds.
Begin MonoManager ReloadAssembly
Native extension for WindowsStandalone target not found
Refreshing native plugins compatible for Editor in 0.22 ms, found 0 plugins.
Preloading 0 native plugins for Editor in 0.00 ms.
Invoked RoslynAnalysisRunner static constructor.
RoslynAnalysisRunner will not be running.
RoslynAnalysisRunner has terminated.
Mono: successfully reloaded assembly
- Completed reload, in  0.751 seconds
Platform modules already initialized, skipping
Refreshing native plugins compatible for Editor in 0.21 ms, found 0 plugins.
Preloading 0 native plugins for Editor in 0.00 ms.
Unloading 1137 Unused Serialized files (Serialized files now loaded: 0)
System memory in use before: 77.1 MB.
System memory in use after: 77.2 MB.

Unloading 5 unused Assets to reduce memory usage. Loaded Objects now: 1648.
Total: 2.427100 ms (FindLiveObjects: 0.212000 ms CreateObjectMapping: 0.045900 ms MarkObjects: 2.093200 ms  DeleteObjects: 0.074600 ms)

========================================================================
Received Prepare
Registering precompiled user dll's ...
Registered in 0.000930 seconds.
Begin MonoManager ReloadAssembly
Native extension for WindowsStandalone target not found
Refreshing native plugins compatible for Editor in 0.21 ms, found 0 plugins.
Preloading 0 native plugins for Editor in 0.00 ms.
Invoked RoslynAnalysisRunner static constructor.
RoslynAnalysisRunner will not be running.
RoslynAnalysisRunner has terminated.
Mono: successfully reloaded assembly
- Completed reload, in  0.771 seconds
Platform modules already initialized, skipping
Refreshing native plugins compatible for Editor in 0.22 ms, found 0 plugins.
Preloading 0 native plugins for Editor in 0.00 ms.
Unloading 1137 Unused Serialized files (Serialized files now loaded: 0)
System memory in use before: 77.1 MB.
System memory in use after: 77.2 MB.

Unloading 5 unused Assets to reduce memory usage. Loaded Objects now: 1651.
Total: 1.534000 ms (FindLiveObjects: 0.133600 ms CreateObjectMapping: 0.035100 ms MarkObjects: 1.306700 ms  DeleteObjects: 0.057600 ms)

========================================================================
Received Prepare
Registering precompiled user dll's ...
Registered in 0.000891 seconds.
Begin MonoManager ReloadAssembly
Native extension for WindowsStandalone target not found
Refreshing native plugins compatible for Editor in 0.35 ms, found 0 plugins.
Preloading 0 native plugins for Editor in 0.00 ms.
Invoked RoslynAnalysisRunner static constructor.
RoslynAnalysisRunner will not be running.
RoslynAnalysisRunner has terminated.
Mono: successfully reloaded assembly
- Completed reload, in  0.898 seconds
Platform modules already initialized, skipping
Refreshing native plugins compatible for Editor in 0.24 ms, found 0 plugins.
Preloading 0 native plugins for Editor in 0.00 ms.
Unloading 1137 Unused Serialized files (Serialized files now loaded: 0)
System memory in use before: 77.1 MB.
System memory in use after: 77.2 MB.

Unloading 5 unused Assets to reduce memory usage. Loaded Objects now: 1654.
Total: 2.624100 ms (FindLiveObjects: 0.158900 ms CreateObjectMapping: 0.063800 ms MarkObjects: 2.335800 ms  DeleteObjects: 0.064000 ms)

========================================================================
Received Prepare
Registering precompiled user dll's ...
Registered in 0.001525 seconds.
Begin MonoManager ReloadAssembly
Native extension for WindowsStandalone target not found
Refreshing native plugins compatible for Editor in 0.23 ms, found 0 plugins.
Preloading 0 native plugins for Editor in 0.00 ms.
Invoked RoslynAnalysisRunner static constructor.
RoslynAnalysisRunner will not be running.
RoslynAnalysisRunner has terminated.
Mono: successfully reloaded assembly
- Completed reload, in  0.875 seconds
Platform modules already initialized, skipping
Refreshing native plugins compatible for Editor in 0.25 ms, found 0 plugins.
Preloading 0 native plugins for Editor in 0.00 ms.
Unloading 1137 Unused Serialized files (Serialized files now loaded: 0)
System memory in use before: 77.1 MB.
System memory in use after: 77.2 MB.

Unloading 5 unused Assets to reduce memory usage. Loaded Objects now: 1657.
Total: 1.860500 ms (FindLiveObjects: 0.161800 ms CreateObjectMapping: 0.042100 ms MarkObjects: 1.591500 ms  DeleteObjects: 0.063500 ms)

========================================================================
Received Import Request.
  Time since last request: 444.289872 seconds.
  path: Assets/Ammunition pack (demo)/Prefabs/Bullet4.prefab
  artifactKey: Guid(424570faa59c41248b97fd39edf5d414) Importer(815301076,1909f56bfc062723c751e8b465ee728b)
Start importing Assets/Ammunition pack (demo)/Prefabs/Bullet4.prefab using Guid(424570faa59c41248b97fd39edf5d414) Importer(815301076,1909f56bfc062723c751e8b465ee728b)  -> (artifact id: '351775bb73960aca2c67e075e10b22da') in 0.066339 seconds
  Import took 0.068695 seconds .

========================================================================
Received Import Request.
  Time since last request: 11.247032 seconds.
  path: Assets/Ammunition pack (demo)/Materials
  artifactKey: Guid(fa0006f8177e3f6419a131b7d38573db) Importer(815301076,1909f56bfc062723c751e8b465ee728b)
Start importing Assets/Ammunition pack (demo)/Materials using Guid(fa0006f8177e3f6419a131b7d38573db) Importer(815301076,1909f56bfc062723c751e8b465ee728b)  -> (artifact id: 'e14884ff9ba8fdb5e16e3f7f8c11b7c1') in 0.007760 seconds
  Import took 0.009732 seconds .

========================================================================
Received Import Request.
  Time since last request: 0.282822 seconds.
  path: Assets/Ammunition pack (demo)/Meshes
  artifactKey: Guid(70616657e152c1649a65b3b1bbc6cb8b) Importer(815301076,1909f56bfc062723c751e8b465ee728b)
Start importing Assets/Ammunition pack (demo)/Meshes using Guid(70616657e152c1649a65b3b1bbc6cb8b) Importer(815301076,1909f56bfc062723c751e8b465ee728b)  -> (artifact id: 'd2a13d68f99f19e0d9bf3bc733460418') in 0.006314 seconds
  Import took 0.008289 seconds .

========================================================================
Received Prepare
Registering precompiled user dll's ...
Registered in 0.000866 seconds.
Begin MonoManager ReloadAssembly
Native extension for WindowsStandalone target not found
Refreshing native plugins compatible for Editor in 0.22 ms, found 0 plugins.
Preloading 0 native plugins for Editor in 0.00 ms.
Invoked RoslynAnalysisRunner static constructor.
RoslynAnalysisRunner will not be running.
RoslynAnalysisRunner has terminated.
Mono: successfully reloaded assembly
- Completed reload, in  0.797 seconds
Platform modules already initialized, skipping
Refreshing native plugins compatible for Editor in 0.21 ms, found 0 plugins.
Preloading 0 native plugins for Editor in 0.00 ms.
Unloading 1137 Unused Serialized files (Serialized files now loaded: 0)
System memory in use before: 77.1 MB.
System memory in use after: 77.2 MB.

Unloading 5 unused Assets to reduce memory usage. Loaded Objects now: 1661.
Total: 1.663500 ms (FindLiveObjects: 0.146000 ms CreateObjectMapping: 0.060300 ms MarkObjects: 1.395900 ms  DeleteObjects: 0.060300 ms)

========================================================================
Received Import Request.
  Time since last request: 98.430660 seconds.
  path: Assets/Ammunition pack (demo)/Prefabs/Bullet4.prefab
  artifactKey: Guid(424570faa59c41248b97fd39edf5d414) Importer(815301076,1909f56bfc062723c751e8b465ee728b)
Start importing Assets/Ammunition pack (demo)/Prefabs/Bullet4.prefab using Guid(424570faa59c41248b97fd39edf5d414) Importer(815301076,1909f56bfc062723c751e8b465ee728b)  -> (artifact id: '2de41a5127871363f93cd74b4b3175fc') in 0.060467 seconds
  Import took 0.063133 seconds .

========================================================================
Received Import Request.
  Time since last request: 0.003379 seconds.
  path: Assets/Ammunition pack (demo)/Prefabs/Bullet4.prefab
  artifactKey: Guid(424570faa59c41248b97fd39edf5d414) Importer(815301076,1909f56bfc062723c751e8b465ee728b)
Start importing Assets/Ammunition pack (demo)/Prefabs/Bullet4.prefab using Guid(424570faa59c41248b97fd39edf5d414) Importer(815301076,1909f56bfc062723c751e8b465ee728b)  -> (artifact id: '2de41a5127871363f93cd74b4b3175fc') in 0.015586 seconds
  Import took 0.017802 seconds .

========================================================================
Received Prepare
Registering precompiled user dll's ...
Registered in 0.000889 seconds.
Begin MonoManager ReloadAssembly
Native extension for WindowsStandalone target not found
Refreshing native plugins compatible for Editor in 0.25 ms, found 0 plugins.
Preloading 0 native plugins for Editor in 0.00 ms.
Invoked RoslynAnalysisRunner static constructor.
RoslynAnalysisRunner will not be running.
RoslynAnalysisRunner has terminated.
Mono: successfully reloaded assembly
- Completed reload, in  0.843 seconds
Platform modules already initialized, skipping
Refreshing native plugins compatible for Editor in 0.25 ms, found 0 plugins.
Preloading 0 native plugins for Editor in 0.00 ms.
Unloading 1137 Unused Serialized files (Serialized files now loaded: 0)
System memory in use before: 77.2 MB.
System memory in use after: 77.2 MB.

Unloading 5 unused Assets to reduce memory usage. Loaded Objects now: 1665.
Total: 2.134500 ms (FindLiveObjects: 0.152500 ms CreateObjectMapping: 0.065300 ms MarkObjects: 1.851800 ms  DeleteObjects: 0.063200 ms)

========================================================================
Received Prepare
Registering precompiled user dll's ...
Registered in 0.000886 seconds.
Begin MonoManager ReloadAssembly
Native extension for WindowsStandalone target not found
Refreshing native plugins compatible for Editor in 0.22 ms, found 0 plugins.
Preloading 0 native plugins for Editor in 0.00 ms.
Invoked RoslynAnalysisRunner static constructor.
RoslynAnalysisRunner will not be running.
RoslynAnalysisRunner has terminated.
Mono: successfully reloaded assembly
- Completed reload, in  0.803 seconds
Platform modules already initialized, skipping
Refreshing native plugins compatible for Editor in 0.21 ms, found 0 plugins.
Preloading 0 native plugins for Editor in 0.00 ms.
Unloading 1137 Unused Serialized files (Serialized files now loaded: 0)
System memory in use before: 77.2 MB.
System memory in use after: 77.2 MB.

Unloading 5 unused Assets to reduce memory usage. Loaded Objects now: 1668.
Total: 1.445200 ms (FindLiveObjects: 0.122500 ms CreateObjectMapping: 0.032700 ms MarkObjects: 1.228100 ms  DeleteObjects: 0.060800 ms)

========================================================================
Received Import Request.
  Time since last request: 81.694875 seconds.
  path: Assets/Particle Attractor by Moonflower Carnivore/Prefabs
  artifactKey: Guid(4467e27ff886520438182a7135a9eb00) Importer(815301076,1909f56bfc062723c751e8b465ee728b)
Start importing Assets/Particle Attractor by Moonflower Carnivore/Prefabs using Guid(4467e27ff886520438182a7135a9eb00) Importer(815301076,1909f56bfc062723c751e8b465ee728b)  -> (artifact id: 'a4421b2487cab523fb1e16f7a7011618') in 0.012418 seconds
  Import took 0.014619 seconds .

========================================================================
Received Import Request.
  Time since last request: 0.663441 seconds.
  path: Assets/Particle Attractor by Moonflower Carnivore/Prefabs/Particle attractor 000 basic.prefab
  artifactKey: Guid(f954d80d3b33b6940ba36a67405b1aa6) Importer(815301076,1909f56bfc062723c751e8b465ee728b)
Start importing Assets/Particle Attractor by Moonflower Carnivore/Prefabs/Particle attractor 000 basic.prefab using Guid(f954d80d3b33b6940ba36a67405b1aa6) Importer(815301076,1909f56bfc062723c751e8b465ee728b)  -> (artifact id: 'bdac5b651a156756c7a6936c807d0946') in 0.064478 seconds
  Import took 0.066968 seconds .

========================================================================
Received Import Request.
  Time since last request: 0.617757 seconds.
  path: Assets/Particle Attractor by Moonflower Carnivore/Prefabs/Particle attractor 002 local revolving move.prefab
  artifactKey: Guid(7c7ccad82463d47498110d7bff811cf3) Importer(815301076,1909f56bfc062723c751e8b465ee728b)
Start importing Assets/Particle Attractor by Moonflower Carnivore/Prefabs/Particle attractor 002 local revolving move.prefab using Guid(7c7ccad82463d47498110d7bff811cf3) Importer(815301076,1909f56bfc062723c751e8b465ee728b)  -> (artifact id: '152f9d097eaa2d0e458cd661d50b9ea5') in 0.021875 seconds
  Import took 0.024245 seconds .

========================================================================
Received Import Request.
  Time since last request: 0.315159 seconds.
  path: Assets/Particle Attractor by Moonflower Carnivore/Prefabs/Particle attractor 003 lightning.prefab
  artifactKey: Guid(6e81ad7b6d010274ca07c5c894fe9e6b) Importer(815301076,1909f56bfc062723c751e8b465ee728b)
Start importing Assets/Particle Attractor by Moonflower Carnivore/Prefabs/Particle attractor 003 lightning.prefab using Guid(6e81ad7b6d010274ca07c5c894fe9e6b) Importer(815301076,1909f56bfc062723c751e8b465ee728b)  -> (artifact id: 'b159c8108cf3ee09a5ffdd1dc02113a2') in 0.017734 seconds
  Import took 0.020148 seconds .

========================================================================
Received Import Request.
  Time since last request: 0.256165 seconds.
  path: Assets/Particle Attractor by Moonflower Carnivore/Prefabs/Particle attractor 005 only work at world origin.prefab
  artifactKey: Guid(9c76f28f373f3ea4cac9128c11718c31) Importer(815301076,1909f56bfc062723c751e8b465ee728b)
Start importing Assets/Particle Attractor by Moonflower Carnivore/Prefabs/Particle attractor 005 only work at world origin.prefab using Guid(9c76f28f373f3ea4cac9128c11718c31) Importer(815301076,1909f56bfc062723c751e8b465ee728b)  -> (artifact id: '2a732ce660d53df4132fe7026e158402') in 0.019963 seconds
  Import took 0.022243 seconds .

========================================================================
Received Import Request.
  Time since last request: 0.236799 seconds.
  path: Assets/Particle Attractor by Moonflower Carnivore/Prefabs/Particle revolver 000 yz.prefab
  artifactKey: Guid(e6befcf183056214bbc7cb055f062e04) Importer(815301076,1909f56bfc062723c751e8b465ee728b)
Start importing Assets/Particle Attractor by Moonflower Carnivore/Prefabs/Particle revolver 000 yz.prefab using Guid(e6befcf183056214bbc7cb055f062e04) Importer(815301076,1909f56bfc062723c751e8b465ee728b)  -> (artifact id: '2b98b1541caf61aeb0b70e8e69317d2a') in 0.009761 seconds
  Import took 0.012214 seconds .

========================================================================
Received Import Request.
  Time since last request: 0.002658 seconds.
  path: Assets/Particle Attractor by Moonflower Carnivore/Prefabs/Particle revolver 000 yz.prefab
  artifactKey: Guid(e6befcf183056214bbc7cb055f062e04) Importer(815301076,1909f56bfc062723c751e8b465ee728b)
Start importing Assets/Particle Attractor by Moonflower Carnivore/Prefabs/Particle revolver 000 yz.prefab using Guid(e6befcf183056214bbc7cb055f062e04) Importer(815301076,1909f56bfc062723c751e8b465ee728b)  -> (artifact id: '2b98b1541caf61aeb0b70e8e69317d2a') in 0.004918 seconds
  Import took 0.007041 seconds .

========================================================================
Received Import Request.
  Time since last request: 0.254526 seconds.
  path: Assets/Particle Attractor by Moonflower Carnivore/Prefabs/Particle revolver 002 Eternal charge.prefab
  artifactKey: Guid(1eb29fd5f7a8920409dcd8cec44ecb6c) Importer(815301076,1909f56bfc062723c751e8b465ee728b)
Start importing Assets/Particle Attractor by Moonflower Carnivore/Prefabs/Particle revolver 002 Eternal charge.prefab using Guid(1eb29fd5f7a8920409dcd8cec44ecb6c) Importer(815301076,1909f56bfc062723c751e8b465ee728b)  -> (artifact id: '82d30d75a4018af74816ac8bfb764396') in 0.024761 seconds
  Import took 0.029083 seconds .

========================================================================
Received Import Request.
  Time since last request: 5.192456 seconds.
  path: Assets/Particle/Particle revolver 000 yz.prefab
  artifactKey: Guid(48718f456287b8249a82f50284597959) Importer(815301076,1909f56bfc062723c751e8b465ee728b)
Start importing Assets/Particle/Particle revolver 000 yz.prefab using Guid(48718f456287b8249a82f50284597959) Importer(815301076,1909f56bfc062723c751e8b465ee728b)  -> (artifact id: 'eea6895f39b88cb0e72299805cc50d23') in 0.005048 seconds
  Import took 0.007297 seconds .

========================================================================
Received Import Request.
  Time since last request: 0.754627 seconds.
  path: Assets/Particle/Particle attractor 003 lightning.prefab
  artifactKey: Guid(a822515e9e44aa54283c39ca3c42350b) Importer(815301076,1909f56bfc062723c751e8b465ee728b)
Start importing Assets/Particle/Particle attractor 003 lightning.prefab using Guid(a822515e9e44aa54283c39ca3c42350b) Importer(815301076,1909f56bfc062723c751e8b465ee728b)  -> (artifact id: '0cacfd5c40c5d8c4783a8085208550d6') in 0.014977 seconds
  Import took 0.017333 seconds .

========================================================================
Received Import Request.
  Time since last request: 2.600238 seconds.
  path: Assets/ExplosionEffect
  artifactKey: Guid(06a30222dfe2991498cc5a7204e750f2) Importer(815301076,1909f56bfc062723c751e8b465ee728b)
Start importing Assets/ExplosionEffect using Guid(06a30222dfe2991498cc5a7204e750f2) Importer(815301076,1909f56bfc062723c751e8b465ee728b)  -> (artifact id: 'bc983dc90b3b952981ba9efadeb4a4d1') in 0.007865 seconds
  Import took 0.010344 seconds .

========================================================================
Received Import Request.
  Time since last request: 0.755736 seconds.
  path: Assets/ExplosionEffect/Animations
  artifactKey: Guid(2b8b29afda297e6488b87e17329980fa) Importer(815301076,1909f56bfc062723c751e8b465ee728b)
Start importing Assets/ExplosionEffect/Animations using Guid(2b8b29afda297e6488b87e17329980fa) Importer(815301076,1909f56bfc062723c751e8b465ee728b)  -> (artifact id: 'a467f46bbce58b32c1f514a9ab32f629') in 0.006527 seconds
  Import took 0.008868 seconds .

========================================================================
Received Import Request.
  Time since last request: 1.043080 seconds.
  path: Assets/ExplosionEffect/Prefabs
  artifactKey: Guid(ee8a3864405de3845b3ce74e8e691763) Importer(815301076,1909f56bfc062723c751e8b465ee728b)
Start importing Assets/ExplosionEffect/Prefabs using Guid(ee8a3864405de3845b3ce74e8e691763) Importer(815301076,1909f56bfc062723c751e8b465ee728b)  -> (artifact id: '7d42d589461fb2acbb7bcd6859a01b23') in 0.003385 seconds
  Import took 0.005368 seconds .

========================================================================
Received Import Request.
  Time since last request: 0.828627 seconds.
  path: Assets/ExplosionEffect/Prefabs/Explosion loop fallback.prefab
  artifactKey: Guid(39051c4c6f9bd604382d68b7a910a9e0) Importer(815301076,1909f56bfc062723c751e8b465ee728b)
Start importing Assets/ExplosionEffect/Prefabs/Explosion loop fallback.prefab using Guid(39051c4c6f9bd604382d68b7a910a9e0) Importer(815301076,1909f56bfc062723c751e8b465ee728b)  -> (artifact id: '66cf111ad4b115dc0e7a33446f2477cd') in 0.009276 seconds
  Import took 0.011759 seconds .

========================================================================
Received Import Request.
  Time since last request: 4.400179 seconds.
  path: Assets/ExplosionEffect/Prefabs/Explosion loop mobile.prefab
  artifactKey: Guid(578c7b5ceacee2f4ca4c7b9c1ec31b75) Importer(815301076,1909f56bfc062723c751e8b465ee728b)
Start importing Assets/ExplosionEffect/Prefabs/Explosion loop mobile.prefab using Guid(578c7b5ceacee2f4ca4c7b9c1ec31b75) Importer(815301076,1909f56bfc062723c751e8b465ee728b)  -> (artifact id: '37381fd02aedb6de051514aba643ad9f') in 0.009099 seconds
  Import took 0.011721 seconds .

========================================================================
Received Import Request.
  Time since last request: 0.001264 seconds.
  path: Assets/ExplosionEffect/Prefabs/Explosion loop mobile.prefab
  artifactKey: Guid(578c7b5ceacee2f4ca4c7b9c1ec31b75) Importer(815301076,1909f56bfc062723c751e8b465ee728b)
Start importing Assets/ExplosionEffect/Prefabs/Explosion loop mobile.prefab using Guid(578c7b5ceacee2f4ca4c7b9c1ec31b75) Importer(815301076,1909f56bfc062723c751e8b465ee728b)  -> (artifact id: '37381fd02aedb6de051514aba643ad9f') in 0.005217 seconds
  Import took 0.007551 seconds .

========================================================================
Received Import Request.
  Time since last request: 0.591480 seconds.
  path: Assets/ExplosionEffect/Prefabs/Explosion loop sharp.prefab
  artifactKey: Guid(c9afa2a2ad89ebc41897c1247ceddadd) Importer(815301076,1909f56bfc062723c751e8b465ee728b)
Start importing Assets/ExplosionEffect/Prefabs/Explosion loop sharp.prefab using Guid(c9afa2a2ad89ebc41897c1247ceddadd) Importer(815301076,1909f56bfc062723c751e8b465ee728b)  -> (artifact id: '5af8750d7bc3161b3cf8d39133cd9cb6') in 0.014626 seconds
  Import took 0.017287 seconds .

========================================================================
Received Import Request.
  Time since last request: 0.927317 seconds.
  path: Assets/ExplosionEffect/Prefabs/Explosion loop soft.prefab
  artifactKey: Guid(e5e72c487c3d9574195db877dff604fb) Importer(815301076,1909f56bfc062723c751e8b465ee728b)
Start importing Assets/ExplosionEffect/Prefabs/Explosion loop soft.prefab using Guid(e5e72c487c3d9574195db877dff604fb) Importer(815301076,1909f56bfc062723c751e8b465ee728b)  -> (artifact id: '453343a5499b4c39bd076e6cee0a5ab5') in 0.009297 seconds
  Import took 0.011815 seconds .

========================================================================
Received Import Request.
  Time since last request: 0.001043 seconds.
  path: Assets/ExplosionEffect/Prefabs/Explosion loop soft.prefab
  artifactKey: Guid(e5e72c487c3d9574195db877dff604fb) Importer(815301076,1909f56bfc062723c751e8b465ee728b)
Start importing Assets/ExplosionEffect/Prefabs/Explosion loop soft.prefab using Guid(e5e72c487c3d9574195db877dff604fb) Importer(815301076,1909f56bfc062723c751e8b465ee728b)  -> (artifact id: '453343a5499b4c39bd076e6cee0a5ab5') in 0.005060 seconds
  Import took 0.008392 seconds .

========================================================================
Received Import Request.
  Time since last request: 0.919789 seconds.
  path: Assets/ExplosionEffect/Prefabs/Explosion loop_2 sharp.prefab
  artifactKey: Guid(49265d0ec016fc946a15107b9a82b5f1) Importer(815301076,1909f56bfc062723c751e8b465ee728b)
Start importing Assets/ExplosionEffect/Prefabs/Explosion loop_2 sharp.prefab using Guid(49265d0ec016fc946a15107b9a82b5f1) Importer(815301076,1909f56bfc062723c751e8b465ee728b)  -> (artifact id: 'b9c30b88bc30bb6f2079e33966c3fb21') in 0.009559 seconds
  Import took 0.011988 seconds .

========================================================================
Received Import Request.
  Time since last request: 0.008107 seconds.
  path: Assets/ExplosionEffect/Prefabs/Explosion loop_2 sharp.prefab
  artifactKey: Guid(49265d0ec016fc946a15107b9a82b5f1) Importer(815301076,1909f56bfc062723c751e8b465ee728b)
Start importing Assets/ExplosionEffect/Prefabs/Explosion loop_2 sharp.prefab using Guid(49265d0ec016fc946a15107b9a82b5f1) Importer(815301076,1909f56bfc062723c751e8b465ee728b)  -> (artifact id: 'b9c30b88bc30bb6f2079e33966c3fb21') in 0.007249 seconds
  Import took 0.010082 seconds .

========================================================================
Received Import Request.
  Time since last request: 0.652354 seconds.
  path: Assets/ExplosionEffect/Prefabs/Explosion loop_2 soft.prefab
  artifactKey: Guid(b0fa6e8756f3a9e43b8ca1e482604f59) Importer(815301076,1909f56bfc062723c751e8b465ee728b)
Start importing Assets/ExplosionEffect/Prefabs/Explosion loop_2 soft.prefab using Guid(b0fa6e8756f3a9e43b8ca1e482604f59) Importer(815301076,1909f56bfc062723c751e8b465ee728b)  -> (artifact id: 'df6b155a6e38fe179d46cc4f99d69d88') in 0.009651 seconds
  Import took 0.012193 seconds .

========================================================================
Received Import Request.
  Time since last request: 0.000756 seconds.
  path: Assets/ExplosionEffect/Prefabs/Explosion loop_2 soft.prefab
  artifactKey: Guid(b0fa6e8756f3a9e43b8ca1e482604f59) Importer(815301076,1909f56bfc062723c751e8b465ee728b)
Start importing Assets/ExplosionEffect/Prefabs/Explosion loop_2 soft.prefab using Guid(b0fa6e8756f3a9e43b8ca1e482604f59) Importer(815301076,1909f56bfc062723c751e8b465ee728b)  -> (artifact id: 'df6b155a6e38fe179d46cc4f99d69d88') in 0.005059 seconds
  Import took 0.007647 seconds .

========================================================================
Received Import Request.
  Time since last request: 0.608512 seconds.
  path: Assets/ExplosionEffect/Prefabs/Explosion single fallback.prefab
  artifactKey: Guid(54b661f759164cb4cb9424de6a512cf8) Importer(815301076,1909f56bfc062723c751e8b465ee728b)
Start importing Assets/ExplosionEffect/Prefabs/Explosion single fallback.prefab using Guid(54b661f759164cb4cb9424de6a512cf8) Importer(815301076,1909f56bfc062723c751e8b465ee728b)  -> (artifact id: '2c4c13056cef2a150bd13af8563106d6') in 0.011496 seconds
  Import took 0.014405 seconds .

========================================================================
Received Import Request.
  Time since last request: 0.001869 seconds.
  path: Assets/ExplosionEffect/Prefabs/Explosion single fallback.prefab
  artifactKey: Guid(54b661f759164cb4cb9424de6a512cf8) Importer(815301076,1909f56bfc062723c751e8b465ee728b)
Start importing Assets/ExplosionEffect/Prefabs/Explosion single fallback.prefab using Guid(54b661f759164cb4cb9424de6a512cf8) Importer(815301076,1909f56bfc062723c751e8b465ee728b)  -> (artifact id: '2c4c13056cef2a150bd13af8563106d6') in 0.007689 seconds
  Import took 0.010706 seconds .

========================================================================
Received Import Request.
  Time since last request: 1.116163 seconds.
  path: Assets/ExplosionEffect/Prefabs/Explosion single mobile.prefab
  artifactKey: Guid(f66e014454bdeb942944471c5e19da6c) Importer(815301076,1909f56bfc062723c751e8b465ee728b)
Start importing Assets/ExplosionEffect/Prefabs/Explosion single mobile.prefab using Guid(f66e014454bdeb942944471c5e19da6c) Importer(815301076,1909f56bfc062723c751e8b465ee728b)  -> (artifact id: '77ae8b50089003bb7aa01775e5546356') in 0.009569 seconds
  Import took 0.012038 seconds .

========================================================================
Received Import Request.
  Time since last request: 0.695268 seconds.
  path: Assets/ExplosionEffect/Prefabs/Explosion single sharp.prefab
  artifactKey: Guid(7e434543af9a9694eb543bfed5b37dcc) Importer(815301076,1909f56bfc062723c751e8b465ee728b)
Start importing Assets/ExplosionEffect/Prefabs/Explosion single sharp.prefab using Guid(7e434543af9a9694eb543bfed5b37dcc) Importer(815301076,1909f56bfc062723c751e8b465ee728b)  -> (artifact id: '7e7ebbf72bbd2aec474f4a799c125cc6') in 0.009214 seconds
  Import took 0.011690 seconds .

========================================================================
Received Import Request.
  Time since last request: 0.579664 seconds.
  path: Assets/ExplosionEffect/Prefabs/Explosion single soft.prefab
  artifactKey: Guid(4be461bdf6702f64298fb518ce64cc1d) Importer(815301076,1909f56bfc062723c751e8b465ee728b)
Start importing Assets/ExplosionEffect/Prefabs/Explosion single soft.prefab using Guid(4be461bdf6702f64298fb518ce64cc1d) Importer(815301076,1909f56bfc062723c751e8b465ee728b)  -> (artifact id: 'a88566d4cbf5ade8b4a26690429e8c6c') in 0.012146 seconds
  Import took 0.014861 seconds .

========================================================================
Received Import Request.
  Time since last request: 1.343913 seconds.
  path: Assets/ExplosionEffect/Prefabs/Explosion single_2 fallback.prefab
  artifactKey: Guid(7070fbe5d358dfd45b3de7d9fddfd386) Importer(815301076,1909f56bfc062723c751e8b465ee728b)
Start importing Assets/ExplosionEffect/Prefabs/Explosion single_2 fallback.prefab using Guid(7070fbe5d358dfd45b3de7d9fddfd386) Importer(815301076,1909f56bfc062723c751e8b465ee728b)  -> (artifact id: '0a5a95c5ffbf141a530bb696594d1baf') in 0.010431 seconds
  Import took 0.013366 seconds .

========================================================================
Received Import Request.
  Time since last request: 0.002633 seconds.
  path: Assets/ExplosionEffect/Prefabs/Explosion single_2 fallback.prefab
  artifactKey: Guid(7070fbe5d358dfd45b3de7d9fddfd386) Importer(815301076,1909f56bfc062723c751e8b465ee728b)
Start importing Assets/ExplosionEffect/Prefabs/Explosion single_2 fallback.prefab using Guid(7070fbe5d358dfd45b3de7d9fddfd386) Importer(815301076,1909f56bfc062723c751e8b465ee728b)  -> (artifact id: '0a5a95c5ffbf141a530bb696594d1baf') in 0.006344 seconds
  Import took 0.008976 seconds .

========================================================================
Received Import Request.
  Time since last request: 1.224560 seconds.
  path: Assets/ExplosionEffect/Prefabs/Explosion single_2 sharp.prefab
  artifactKey: Guid(866a4ac022f2a8e46b9f482d65401a64) Importer(815301076,1909f56bfc062723c751e8b465ee728b)
Start importing Assets/ExplosionEffect/Prefabs/Explosion single_2 sharp.prefab using Guid(866a4ac022f2a8e46b9f482d65401a64) Importer(815301076,1909f56bfc062723c751e8b465ee728b)  -> (artifact id: 'dd5137e78c413932998664af626b73de') in 0.009478 seconds
  Import took 0.012557 seconds .

========================================================================
Received Import Request.
  Time since last request: 0.002493 seconds.
  path: Assets/ExplosionEffect/Prefabs/Explosion single_2 sharp.prefab
  artifactKey: Guid(866a4ac022f2a8e46b9f482d65401a64) Importer(815301076,1909f56bfc062723c751e8b465ee728b)
Start importing Assets/ExplosionEffect/Prefabs/Explosion single_2 sharp.prefab using Guid(866a4ac022f2a8e46b9f482d65401a64) Importer(815301076,1909f56bfc062723c751e8b465ee728b)  -> (artifact id: 'dd5137e78c413932998664af626b73de') in 0.005836 seconds
  Import took 0.008300 seconds .

========================================================================
Received Import Request.
  Time since last request: 3.053753 seconds.
  path: Assets/ExplosionEffect/Prefabs/Explosion single_2 soft.prefab
  artifactKey: Guid(08af55dd04af6094389b71d80b600049) Importer(815301076,1909f56bfc062723c751e8b465ee728b)
Start importing Assets/ExplosionEffect/Prefabs/Explosion single_2 soft.prefab using Guid(08af55dd04af6094389b71d80b600049) Importer(815301076,1909f56bfc062723c751e8b465ee728b)  -> (artifact id: '4acc062446ea4a2813bdde3358982f20') in 0.009582 seconds
  Import took 0.012391 seconds .

========================================================================
Received Import Request.
  Time since last request: 0.001552 seconds.
  path: Assets/ExplosionEffect/Prefabs/Explosion single_2 soft.prefab
  artifactKey: Guid(08af55dd04af6094389b71d80b600049) Importer(815301076,1909f56bfc062723c751e8b465ee728b)
Start importing Assets/ExplosionEffect/Prefabs/Explosion single_2 soft.prefab using Guid(08af55dd04af6094389b71d80b600049) Importer(815301076,1909f56bfc062723c751e8b465ee728b)  -> (artifact id: '4acc062446ea4a2813bdde3358982f20') in 0.005784 seconds
  Import took 0.008300 seconds .

========================================================================
Received Prepare
Registering precompiled user dll's ...
Registered in 0.000908 seconds.
Begin MonoManager ReloadAssembly
Native extension for WindowsStandalone target not found
Refreshing native plugins compatible for Editor in 0.35 ms, found 0 plugins.
Preloading 0 native plugins for Editor in 0.00 ms.
Invoked RoslynAnalysisRunner static constructor.
RoslynAnalysisRunner will not be running.
RoslynAnalysisRunner has terminated.
Mono: successfully reloaded assembly
- Completed reload, in  0.754 seconds
Platform modules already initialized, skipping
Refreshing native plugins compatible for Editor in 0.21 ms, found 0 plugins.
Preloading 0 native plugins for Editor in 0.00 ms.
Unloading 1137 Unused Serialized files (Serialized files now loaded: 0)
System memory in use before: 77.3 MB.
System memory in use after: 77.3 MB.

Unloading 6 unused Assets to reduce memory usage. Loaded Objects now: 1673.
Total: 1.466200 ms (FindLiveObjects: 0.147300 ms CreateObjectMapping: 0.038800 ms MarkObjects: 1.219700 ms  DeleteObjects: 0.059400 ms)

========================================================================
Received Import Request.
  Time since last request: 7.495237 seconds.
  path: Assets/ExplosionEffect/Prefabs/Explosion single_2 soft.prefab
  artifactKey: Guid(08af55dd04af6094389b71d80b600049) Importer(815301076,1909f56bfc062723c751e8b465ee728b)
Start importing Assets/ExplosionEffect/Prefabs/Explosion single_2 soft.prefab using Guid(08af55dd04af6094389b71d80b600049) Importer(815301076,1909f56bfc062723c751e8b465ee728b)  -> (artifact id: '4aca836ed637017cb0d0d84d0e60262e') in 0.026451 seconds
  Import took 0.029007 seconds .

========================================================================
Received Import Request.
  Time since last request: 3.198732 seconds.
  path: Assets/ExplosionEffect/Prefabs/Fire basic fallback.prefab
  artifactKey: Guid(7432ce044a5b60a4ca79c52e6f7aabc9) Importer(815301076,1909f56bfc062723c751e8b465ee728b)
Start importing Assets/ExplosionEffect/Prefabs/Fire basic fallback.prefab using Guid(7432ce044a5b60a4ca79c52e6f7aabc9) Importer(815301076,1909f56bfc062723c751e8b465ee728b)  -> (artifact id: 'f8a79f06d8cb91e482a4ea785bf1b931') in 0.009161 seconds
  Import took 0.011499 seconds .

========================================================================
Received Import Request.
  Time since last request: 0.001824 seconds.
  path: Assets/ExplosionEffect/Prefabs/Fire basic fallback.prefab
  artifactKey: Guid(7432ce044a5b60a4ca79c52e6f7aabc9) Importer(815301076,1909f56bfc062723c751e8b465ee728b)
Start importing Assets/ExplosionEffect/Prefabs/Fire basic fallback.prefab using Guid(7432ce044a5b60a4ca79c52e6f7aabc9) Importer(815301076,1909f56bfc062723c751e8b465ee728b)  -> (artifact id: 'f8a79f06d8cb91e482a4ea785bf1b931') in 0.004910 seconds
  Import took 0.007125 seconds .

========================================================================
Received Import Request.
  Time since last request: 1.693858 seconds.
  path: Assets/ExplosionEffect/Prefabs/Fire basic mobile.prefab
  artifactKey: Guid(1c6cf70a4666e5a40ba4bafbc8947b6a) Importer(815301076,1909f56bfc062723c751e8b465ee728b)
Start importing Assets/ExplosionEffect/Prefabs/Fire basic mobile.prefab using Guid(1c6cf70a4666e5a40ba4bafbc8947b6a) Importer(815301076,1909f56bfc062723c751e8b465ee728b)  -> (artifact id: 'b180f4ca32bebc403dc8050002670bd2') in 0.008769 seconds
  Import took 0.011152 seconds .

========================================================================
Received Import Request.
  Time since last request: 0.001886 seconds.
  path: Assets/ExplosionEffect/Prefabs/Fire basic mobile.prefab
  artifactKey: Guid(1c6cf70a4666e5a40ba4bafbc8947b6a) Importer(815301076,1909f56bfc062723c751e8b465ee728b)
Start importing Assets/ExplosionEffect/Prefabs/Fire basic mobile.prefab using Guid(1c6cf70a4666e5a40ba4bafbc8947b6a) Importer(815301076,1909f56bfc062723c751e8b465ee728b)  -> (artifact id: 'b180f4ca32bebc403dc8050002670bd2') in 0.005212 seconds
  Import took 0.007551 seconds .

========================================================================
Received Import Request.
  Time since last request: 15.626726 seconds.
  path: Assets/ExplosionEffect/Prefabs/Fire basic sharp.prefab
  artifactKey: Guid(96f9b5b1886f6c9428f333ee2ce06025) Importer(815301076,1909f56bfc062723c751e8b465ee728b)
Start importing Assets/ExplosionEffect/Prefabs/Fire basic sharp.prefab using Guid(96f9b5b1886f6c9428f333ee2ce06025) Importer(815301076,1909f56bfc062723c751e8b465ee728b)  -> (artifact id: 'a619d39b02dd39c8206e2a7915260059') in 0.008721 seconds
  Import took 0.011398 seconds .

========================================================================
Received Import Request.
  Time since last request: 0.001923 seconds.
  path: Assets/ExplosionEffect/Prefabs/Fire basic sharp.prefab
  artifactKey: Guid(96f9b5b1886f6c9428f333ee2ce06025) Importer(815301076,1909f56bfc062723c751e8b465ee728b)
Start importing Assets/ExplosionEffect/Prefabs/Fire basic sharp.prefab using Guid(96f9b5b1886f6c9428f333ee2ce06025) Importer(815301076,1909f56bfc062723c751e8b465ee728b)  -> (artifact id: 'a619d39b02dd39c8206e2a7915260059') in 0.005255 seconds
  Import took 0.007968 seconds .

========================================================================
Received Import Request.
  Time since last request: 5.757846 seconds.
  path: Assets/ExplosionEffect/Prefabs/Fire fuel mobile.prefab
  artifactKey: Guid(f7358320598c4a3419cb533d8da4c32e) Importer(815301076,1909f56bfc062723c751e8b465ee728b)
Start importing Assets/ExplosionEffect/Prefabs/Fire fuel mobile.prefab using Guid(f7358320598c4a3419cb533d8da4c32e) Importer(815301076,1909f56bfc062723c751e8b465ee728b)  -> (artifact id: '2369785114c964acc677c9b3f0781cf4') in 0.009723 seconds
  Import took 0.012490 seconds .

========================================================================
Received Import Request.
  Time since last request: 0.005288 seconds.
  path: Assets/ExplosionEffect/Prefabs/Fire fuel mobile.prefab
  artifactKey: Guid(f7358320598c4a3419cb533d8da4c32e) Importer(815301076,1909f56bfc062723c751e8b465ee728b)
Start importing Assets/ExplosionEffect/Prefabs/Fire fuel mobile.prefab using Guid(f7358320598c4a3419cb533d8da4c32e) Importer(815301076,1909f56bfc062723c751e8b465ee728b)  -> (artifact id: '2369785114c964acc677c9b3f0781cf4') in 0.006135 seconds
  Import took 0.008772 seconds .

========================================================================
Received Import Request.
  Time since last request: 0.552427 seconds.
  path: Assets/ExplosionEffect/Prefabs/Fire fuel fallback.prefab
  artifactKey: Guid(245191202050321409424466409a4448) Importer(815301076,1909f56bfc062723c751e8b465ee728b)
Start importing Assets/ExplosionEffect/Prefabs/Fire fuel fallback.prefab using Guid(245191202050321409424466409a4448) Importer(815301076,1909f56bfc062723c751e8b465ee728b)  -> (artifact id: 'a1a12bf662f8d2f9183f72806f312a49') in 0.008789 seconds
  Import took 0.011380 seconds .

========================================================================
Received Import Request.
  Time since last request: 0.001347 seconds.
  path: Assets/ExplosionEffect/Prefabs/Fire fuel fallback.prefab
  artifactKey: Guid(245191202050321409424466409a4448) Importer(815301076,1909f56bfc062723c751e8b465ee728b)
Start importing Assets/ExplosionEffect/Prefabs/Fire fuel fallback.prefab using Guid(245191202050321409424466409a4448) Importer(815301076,1909f56bfc062723c751e8b465ee728b)  -> (artifact id: 'a1a12bf662f8d2f9183f72806f312a49') in 0.004859 seconds
  Import took 0.007128 seconds .

========================================================================
Received Import Request.
  Time since last request: 6.776720 seconds.
  path: Assets/ExplosionEffect/Prefabs/Fire fuel sharp.prefab
  artifactKey: Guid(96918d1d02a66fe4c8b8ec5bb89b04cf) Importer(815301076,1909f56bfc062723c751e8b465ee728b)
Start importing Assets/ExplosionEffect/Prefabs/Fire fuel sharp.prefab using Guid(96918d1d02a66fe4c8b8ec5bb89b04cf) Importer(815301076,1909f56bfc062723c751e8b465ee728b)  -> (artifact id: '69aa3a563197082c4e4d5b431625b4b4') in 0.008974 seconds
  Import took 0.011569 seconds .

========================================================================
Received Import Request.
  Time since last request: 0.001856 seconds.
  path: Assets/ExplosionEffect/Prefabs/Fire fuel sharp.prefab
  artifactKey: Guid(96918d1d02a66fe4c8b8ec5bb89b04cf) Importer(815301076,1909f56bfc062723c751e8b465ee728b)
Start importing Assets/ExplosionEffect/Prefabs/Fire fuel sharp.prefab using Guid(96918d1d02a66fe4c8b8ec5bb89b04cf) Importer(815301076,1909f56bfc062723c751e8b465ee728b)  -> (artifact id: '69aa3a563197082c4e4d5b431625b4b4') in 0.006712 seconds
  Import took 0.009145 seconds .

========================================================================
Received Import Request.
  Time since last request: 1.015346 seconds.
  path: Assets/ExplosionEffect/Prefabs/Fire fuel soft.prefab
  artifactKey: Guid(7a6f5d14b8901a34ab435748f593748e) Importer(815301076,1909f56bfc062723c751e8b465ee728b)
Start importing Assets/ExplosionEffect/Prefabs/Fire fuel soft.prefab using Guid(7a6f5d14b8901a34ab435748f593748e) Importer(815301076,1909f56bfc062723c751e8b465ee728b)  -> (artifact id: 'd597eb23f59f1866a7dc2d4df89b83b0') in 0.008937 seconds
  Import took 0.011385 seconds .

========================================================================
Received Import Request.
  Time since last request: 0.002683 seconds.
  path: Assets/ExplosionEffect/Prefabs/Fire fuel soft.prefab
  artifactKey: Guid(7a6f5d14b8901a34ab435748f593748e) Importer(815301076,1909f56bfc062723c751e8b465ee728b)
Start importing Assets/ExplosionEffect/Prefabs/Fire fuel soft.prefab using Guid(7a6f5d14b8901a34ab435748f593748e) Importer(815301076,1909f56bfc062723c751e8b465ee728b)  -> (artifact id: 'd597eb23f59f1866a7dc2d4df89b83b0') in 0.005485 seconds
  Import took 0.007918 seconds .

========================================================================
Received Import Request.
  Time since last request: 3.864670 seconds.
  path: Assets/ExplosionEffect/Prefabs/Fire fuel mobile.prefab
  artifactKey: Guid(f7358320598c4a3419cb533d8da4c32e) Importer(815301076,1909f56bfc062723c751e8b465ee728b)
Start importing Assets/ExplosionEffect/Prefabs/Fire fuel mobile.prefab using Guid(f7358320598c4a3419cb533d8da4c32e) Importer(815301076,1909f56bfc062723c751e8b465ee728b)  -> (artifact id: 'd25d5821f12945a569b9ba908e758527') in 0.005159 seconds
  Import took 0.007322 seconds .

========================================================================
Received Prepare
Registering precompiled user dll's ...
Registered in 0.000882 seconds.
Begin MonoManager ReloadAssembly
Native extension for WindowsStandalone target not found
Refreshing native plugins compatible for Editor in 0.22 ms, found 0 plugins.
Preloading 0 native plugins for Editor in 0.00 ms.
Invoked RoslynAnalysisRunner static constructor.
RoslynAnalysisRunner will not be running.
RoslynAnalysisRunner has terminated.
Mono: successfully reloaded assembly
- Completed reload, in  0.753 seconds
Platform modules already initialized, skipping
Refreshing native plugins compatible for Editor in 0.23 ms, found 0 plugins.
Preloading 0 native plugins for Editor in 0.00 ms.
Unloading 1137 Unused Serialized files (Serialized files now loaded: 0)
System memory in use before: 77.3 MB.
System memory in use after: 77.4 MB.

Unloading 5 unused Assets to reduce memory usage. Loaded Objects now: 1676.
Total: 1.645500 ms (FindLiveObjects: 0.197000 ms CreateObjectMapping: 0.039900 ms MarkObjects: 1.341300 ms  DeleteObjects: 0.066200 ms)

========================================================================
Received Prepare
Registering precompiled user dll's ...
Registered in 0.000797 seconds.
Begin MonoManager ReloadAssembly
Native extension for WindowsStandalone target not found
Refreshing native plugins compatible for Editor in 0.25 ms, found 0 plugins.
Preloading 0 native plugins for Editor in 0.00 ms.
Invoked RoslynAnalysisRunner static constructor.
RoslynAnalysisRunner will not be running.
RoslynAnalysisRunner has terminated.
Mono: successfully reloaded assembly
- Completed reload, in  0.885 seconds
Platform modules already initialized, skipping
Refreshing native plugins compatible for Editor in 0.26 ms, found 0 plugins.
Preloading 0 native plugins for Editor in 0.00 ms.
Unloading 1137 Unused Serialized files (Serialized files now loaded: 0)
System memory in use before: 77.3 MB.
System memory in use after: 77.4 MB.

Unloading 5 unused Assets to reduce memory usage. Loaded Objects now: 1679.
Total: 2.108400 ms (FindLiveObjects: 0.370700 ms CreateObjectMapping: 0.164300 ms MarkObjects: 1.508600 ms  DeleteObjects: 0.063700 ms)

========================================================================
Received Import Request.
  Time since last request: 475.660553 seconds.
  path: Assets/Ammunition pack (demo)/Prefabs/Bullet4.prefab
  artifactKey: Guid(424570faa59c41248b97fd39edf5d414) Importer(815301076,1909f56bfc062723c751e8b465ee728b)
Start importing Assets/Ammunition pack (demo)/Prefabs/Bullet4.prefab using Guid(424570faa59c41248b97fd39edf5d414) Importer(815301076,1909f56bfc062723c751e8b465ee728b)  -> (artifact id: '8e7e5ed2854e507c62de002e137aee44') in 0.079252 seconds
  Import took 0.082058 seconds .

========================================================================
Received Prepare
Registering precompiled user dll's ...
Registered in 0.000769 seconds.
Begin MonoManager ReloadAssembly
Native extension for WindowsStandalone target not found
Refreshing native plugins compatible for Editor in 0.23 ms, found 0 plugins.
Preloading 0 native plugins for Editor in 0.00 ms.
Invoked RoslynAnalysisRunner static constructor.
RoslynAnalysisRunner will not be running.
RoslynAnalysisRunner has terminated.
Mono: successfully reloaded assembly
- Completed reload, in  0.731 seconds
Platform modules already initialized, skipping
Refreshing native plugins compatible for Editor in 0.22 ms, found 0 plugins.
Preloading 0 native plugins for Editor in 0.00 ms.
Unloading 1137 Unused Serialized files (Serialized files now loaded: 0)
System memory in use before: 77.3 MB.
System memory in use after: 77.4 MB.

Unloading 5 unused Assets to reduce memory usage. Loaded Objects now: 1683.
Total: 1.435300 ms (FindLiveObjects: 0.158800 ms CreateObjectMapping: 0.036300 ms MarkObjects: 1.183500 ms  DeleteObjects: 0.055700 ms)

========================================================================
Received Import Request.
  Time since last request: 137.352183 seconds.
  path: Assets/AttackBot/botBody.controller
  artifactKey: Guid(bb9f42d9e97f243c0a86bd082229eca8) Importer(815301076,1909f56bfc062723c751e8b465ee728b)
Start importing Assets/AttackBot/botBody.controller using Guid(bb9f42d9e97f243c0a86bd082229eca8) Importer(815301076,1909f56bfc062723c751e8b465ee728b)  -> (artifact id: 'd7af40b6eadac396f8e7fa51d310427d') in 0.018892 seconds
  Import took 0.020831 seconds .

========================================================================
Received Import Request.
  Time since last request: 13.387832 seconds.
  path: Assets/Scenes/new Stage.unity
  artifactKey: Guid(cb6df2bfd7572f44dbd074ab9b40f336) Importer(815301076,1909f56bfc062723c751e8b465ee728b)
Start importing Assets/Scenes/new Stage.unity using Guid(cb6df2bfd7572f44dbd074ab9b40f336) Importer(815301076,1909f56bfc062723c751e8b465ee728b)  -> (artifact id: 'd606921f86cba085a58cf90898ca1bc3') in 0.007691 seconds
  Import took 0.009601 seconds .

========================================================================
Received Prepare
Registering precompiled user dll's ...
Registered in 0.000858 seconds.
Begin MonoManager ReloadAssembly
Native extension for WindowsStandalone target not found
Refreshing native plugins compatible for Editor in 0.22 ms, found 0 plugins.
Preloading 0 native plugins for Editor in 0.00 ms.
Invoked RoslynAnalysisRunner static constructor.
RoslynAnalysisRunner will not be running.
RoslynAnalysisRunner has terminated.
Mono: successfully reloaded assembly
- Completed reload, in  0.741 seconds
Platform modules already initialized, skipping
Refreshing native plugins compatible for Editor in 0.22 ms, found 0 plugins.
Preloading 0 native plugins for Editor in 0.00 ms.
Unloading 1137 Unused Serialized files (Serialized files now loaded: 0)
System memory in use before: 77.3 MB.
System memory in use after: 77.4 MB.

Unloading 5 unused Assets to reduce memory usage. Loaded Objects now: 1686.
Total: 1.477400 ms (FindLiveObjects: 0.146600 ms CreateObjectMapping: 0.037000 ms MarkObjects: 1.231000 ms  DeleteObjects: 0.061900 ms)

========================================================================
Received Prepare
Registering precompiled user dll's ...
Registered in 0.000732 seconds.
Begin MonoManager ReloadAssembly
Native extension for WindowsStandalone target not found
Refreshing native plugins compatible for Editor in 0.21 ms, found 0 plugins.
Preloading 0 native plugins for Editor in 0.00 ms.
Invoked RoslynAnalysisRunner static constructor.
RoslynAnalysisRunner will not be running.
RoslynAnalysisRunner has terminated.
Mono: successfully reloaded assembly
- Completed reload, in  0.750 seconds
Platform modules already initialized, skipping
Refreshing native plugins compatible for Editor in 0.21 ms, found 0 plugins.
Preloading 0 native plugins for Editor in 0.00 ms.
Unloading 1137 Unused Serialized files (Serialized files now loaded: 0)
System memory in use before: 77.3 MB.
System memory in use after: 77.4 MB.

Unloading 5 unused Assets to reduce memory usage. Loaded Objects now: 1689.
Total: 2.017500 ms (FindLiveObjects: 0.155800 ms CreateObjectMapping: 0.095000 ms MarkObjects: 1.671400 ms  DeleteObjects: 0.093500 ms)

========================================================================
Received Prepare
Registering precompiled user dll's ...
Registered in 0.000816 seconds.
Begin MonoManager ReloadAssembly
Native extension for WindowsStandalone target not found
Refreshing native plugins compatible for Editor in 0.22 ms, found 0 plugins.
Preloading 0 native plugins for Editor in 0.00 ms.
Invoked RoslynAnalysisRunner static constructor.
RoslynAnalysisRunner will not be running.
RoslynAnalysisRunner has terminated.
Mono: successfully reloaded assembly
- Completed reload, in  0.757 seconds
Platform modules already initialized, skipping
Refreshing native plugins compatible for Editor in 0.23 ms, found 0 plugins.
Preloading 0 native plugins for Editor in 0.00 ms.
Unloading 1137 Unused Serialized files (Serialized files now loaded: 0)
System memory in use before: 77.3 MB.
System memory in use after: 77.4 MB.

Unloading 5 unused Assets to reduce memory usage. Loaded Objects now: 1692.
Total: 1.415200 ms (FindLiveObjects: 0.150000 ms CreateObjectMapping: 0.034700 ms MarkObjects: 1.172100 ms  DeleteObjects: 0.057200 ms)

========================================================================
Received Prepare
Registering precompiled user dll's ...
Registered in 0.000872 seconds.
Begin MonoManager ReloadAssembly
Native extension for WindowsStandalone target not found
Refreshing native plugins compatible for Editor in 0.21 ms, found 0 plugins.
Preloading 0 native plugins for Editor in 0.00 ms.
Invoked RoslynAnalysisRunner static constructor.
RoslynAnalysisRunner will not be running.
RoslynAnalysisRunner has terminated.
Mono: successfully reloaded assembly
- Completed reload, in  0.720 seconds
Platform modules already initialized, skipping
Refreshing native plugins compatible for Editor in 0.22 ms, found 0 plugins.
Preloading 0 native plugins for Editor in 0.00 ms.
Unloading 1137 Unused Serialized files (Serialized files now loaded: 0)
System memory in use before: 77.3 MB.
System memory in use after: 77.4 MB.

Unloading 5 unused Assets to reduce memory usage. Loaded Objects now: 1695.
Total: 1.606000 ms (FindLiveObjects: 0.181900 ms CreateObjectMapping: 0.046100 ms MarkObjects: 1.313500 ms  DeleteObjects: 0.063600 ms)

AssetImportWorkerClient::OnTransportError - code=2 error=End of file
